0 verbose cli C:\Program Files\nodejs\node.exe F:\software\NodeJs\node_global\node_modules\npm\bin\npm-cli.js
1 info using npm@11.12.1
2 info using node@v24.14.1
3 silly config load:file:F:\software\NodeJs\node_global\node_modules\npm\npmrc
4 silly config load:file:F:\software\IdeaProject\my-blog\.npmrc
5 silly config load:file:C:\Users\17604\.npmrc
6 silly config load:file:F:\software\NodeJs\node_global\etc\npmrc
7 verbose title npm exec @modelcontextprotocol/server-memory
8 verbose argv "exec" "--yes" "--" "@modelcontextprotocol/server-memory"
9 verbose logfile logs-max:10 dir:F:\software\IdeaProject\my-blog\.npm-cache\_logs\2026-04-22T12_51_25_825Z-
10 verbose logfile F:\software\IdeaProject\my-blog\.npm-cache\_logs\2026-04-22T12_51_25_825Z-debug-0.log
11 silly logfile start cleaning logs, removing 2 files
12 silly packumentCache heap:4496293888 maxSize:1124073472 maxEntrySize:562036736
13 silly logfile done cleaning log files
14 http fetch GET 200 https://registry.npmmirror.com/@modelcontextprotocol%2fserver-memory 121ms (cache revalidated)
15 silly packumentCache heap:4496293888 maxSize:1124073472 maxEntrySize:562036736
16 silly packumentCache heap:4496293888 maxSize:1124073472 maxEntrySize:562036736
17 verbose cwd F:\software\IdeaProject\my-blog
18 verbose os Windows_NT 10.0.19045
19 verbose node v24.14.1
20 verbose npm  v11.12.1
21 verbose exit 0
22 info ok
